c:\users\archer\desktop\uartassist\uartassist\x64\release\qrc_uartassist.obj
c:\users\archer\desktop\uartassist\uartassist\x64\release\ui_uartassist.obj
c:\users\archer\desktop\uartassist\uartassist\x64\release\uartassist.obj
c:\users\archer\desktop\uartassist\uartassist\x64\release\main.obj
c:\users\archer\desktop\uartassist\uartassist\x64\release\moc_ui_uartassist.obj
c:\users\archer\desktop\uartassist\uartassist\x64\release\moc_uartassist.obj
c:\users\archer\desktop\uartassist\uartassist\generatedfiles\release\moc_uartassist.cpp
c:\users\archer\desktop\uartassist\uartassist\generatedfiles\qrc_uartassist.cpp
c:\users\archer\desktop\uartassist\uartassist\generatedfiles\release\moc_ui_uartassist.cpp
c:\users\archer\desktop\uartassist\x64\release\uartassist.exe
c:\users\archer\desktop\uartassist\uartassist\x64\release\uartassist.res
c:\users\archer\desktop\uartassist\uartassist\x64\release\uartassist.tlog\cl.command.1.tlog
c:\users\archer\desktop\uartassist\uartassist\x64\release\uartassist.tlog\cl.read.1.tlog
c:\users\archer\desktop\uartassist\uartassist\x64\release\uartassist.tlog\cl.write.1.tlog
c:\users\archer\desktop\uartassist\uartassist\x64\release\uartassist.tlog\custombuild.command.1.tlog
c:\users\archer\desktop\uartassist\uartassist\x64\release\uartassist.tlog\custombuild.read.1.tlog
c:\users\archer\desktop\uartassist\uartassist\x64\release\uartassist.tlog\custombuild.write.1.tlog
c:\users\archer\desktop\uartassist\uartassist\x64\release\uartassist.tlog\link.command.1.tlog
c:\users\archer\desktop\uartassist\uartassist\x64\release\uartassist.tlog\link.read.1.tlog
c:\users\archer\desktop\uartassist\uartassist\x64\release\uartassist.tlog\link.write.1.tlog
c:\users\archer\desktop\uartassist\uartassist\x64\release\uartassist.tlog\rc.command.1.tlog
c:\users\archer\desktop\uartassist\uartassist\x64\release\uartassist.tlog\rc.read.1.tlog
c:\users\archer\desktop\uartassist\uartassist\x64\release\uartassist.tlog\rc.write.1.tlog
